AndroidStudioProject-Files/app/build/intermediates/manifest_merge_blame_file/release/manifest-merger-blame-release-report.txt
1<?xml version="1.0" encoding="utf-8"?>
2<manifest xmlns:android="http://schemas.android.com/apk/res/android"
3    package="de.tum.in.l4k.binnenvokalapp"
4    android:versionCode="1"
5    android:versionName="1.0" >
6
7    <uses-sdk
8        android:minSdkVersion="25"
8-->src\main\AndroidManifest.xml
9        android:targetSdkVersion="29" />
9-->src\main\AndroidManifest.xml
10
11    <application
11-->src\main\AndroidManifest.xml:5:5-59:19
12        android:allowBackup="true"
12-->src\main\AndroidManifest.xml:6:9-35
13        android:appComponentFactory="androidx.core.app.CoreComponentFactory"
13-->[androidx.core:core:1.1.0-beta01] AndroidManifest.xml:22:18-86
14        android:extractNativeLibs="false"
15        android:icon="@mipmap/l4k_app_icon"
15-->src\main\AndroidManifest.xml:7:9-44
16        android:label="@string/app_name"
16-->src\main\AndroidManifest.xml:8:9-41
17        android:roundIcon="@mipmap/l4k_app_icon"
17-->src\main\AndroidManifest.xml:9:9-49
18        android:supportsRtl="true" >
18-->src\main\AndroidManifest.xml:10:9-35
19        <activity
19-->src\main\AndroidManifest.xml:11:9-12:59
20            android:name="de.tum.in.l4k.binnenvokalapp.ParentArea"
20-->src\main\AndroidManifest.xml:11:19-45
21            android:theme="@style/NoActionBar" />
21-->src\main\AndroidManifest.xml:12:13-47
22        <activity
22-->src\main\AndroidManifest.xml:13:9-15:50
23            android:name="de.tum.in.l4k.binnenvokalapp.ColorActivity"
23-->src\main\AndroidManifest.xml:14:13-42
24            android:theme="@style/NoActionBar" />
24-->src\main\AndroidManifest.xml:15:13-47
25        <activity
25-->src\main\AndroidManifest.xml:16:9-18:50
26            android:name="de.tum.in.l4k.binnenvokalapp.AchievementActivity"
26-->src\main\AndroidManifest.xml:17:13-48
27            android:theme="@style/NoActionBar" />
27-->src\main\AndroidManifest.xml:18:13-47
28        <activity
28-->src\main\AndroidManifest.xml:19:9-21:50
29            android:name="de.tum.in.l4k.binnenvokalapp.TutorialMSActivity"
29-->src\main\AndroidManifest.xml:20:13-47
30            android:theme="@style/NoActionBar" />
30-->src\main\AndroidManifest.xml:21:13-47
31        <activity
31-->src\main\AndroidManifest.xml:22:9-24:50
32            android:name="de.tum.in.l4k.binnenvokalapp.PlayMS_1Activity"
32-->src\main\AndroidManifest.xml:23:13-45
33            android:theme="@style/NoActionBar" />
33-->src\main\AndroidManifest.xml:24:13-47
34        <activity
34-->src\main\AndroidManifest.xml:25:9-27:50
35            android:name="de.tum.in.l4k.binnenvokalapp.PlayMS_2Activity"
35-->src\main\AndroidManifest.xml:26:13-45
36            android:theme="@style/NoActionBar" />
36-->src\main\AndroidManifest.xml:27:13-47
37        <activity
37-->src\main\AndroidManifest.xml:28:9-30:50
38            android:name="de.tum.in.l4k.binnenvokalapp.PlayMS_3Activity"
38-->src\main\AndroidManifest.xml:29:13-45
39            android:theme="@style/NoActionBar" />
39-->src\main\AndroidManifest.xml:30:13-47
40        <activity
40-->src\main\AndroidManifest.xml:31:9-33:50
41            android:name="de.tum.in.l4k.binnenvokalapp.PlayMS_4Activity"
41-->src\main\AndroidManifest.xml:32:13-45
42            android:theme="@style/NoActionBar" />
42-->src\main\AndroidManifest.xml:33:13-47
43        <activity
43-->src\main\AndroidManifest.xml:34:9-36:50
44            android:name="de.tum.in.l4k.binnenvokalapp.PlayMS_5Activity"
44-->src\main\AndroidManifest.xml:35:13-45
45            android:theme="@style/NoActionBar" />
45-->src\main\AndroidManifest.xml:36:13-47
46        <activity
46-->src\main\AndroidManifest.xml:37:9-39:50
47            android:name="de.tum.in.l4k.binnenvokalapp.PlaySMActivity"
47-->src\main\AndroidManifest.xml:38:13-43
48            android:theme="@style/NoActionBar" />
48-->src\main\AndroidManifest.xml:39:13-47
49        <activity
49-->src\main\AndroidManifest.xml:40:9-42:50
50            android:name="de.tum.in.l4k.binnenvokalapp.PlayMSActivity"
50-->src\main\AndroidManifest.xml:41:13-43
51            android:theme="@style/NoActionBar" />
51-->src\main\AndroidManifest.xml:42:13-47
52        <activity
52-->src\main\AndroidManifest.xml:43:9-51:20
53            android:name="de.tum.in.l4k.binnenvokalapp.SplashScreenActivity"
53-->src\main\AndroidManifest.xml:44:13-49
54            android:theme="@style/splashScreenTheme" >
54-->src\main\AndroidManifest.xml:45:13-53
55            <intent-filter>
55-->src\main\AndroidManifest.xml:46:13-50:29
56                <action android:name="android.intent.action.MAIN" />
56-->src\main\AndroidManifest.xml:47:17-69
56-->src\main\AndroidManifest.xml:47:25-66
57
58                <category android:name="android.intent.category.LAUNCHER" />
58-->src\main\AndroidManifest.xml:49:17-77
58-->src\main\AndroidManifest.xml:49:27-74
59            </intent-filter>
60        </activity>
61        <activity
61-->src\main\AndroidManifest.xml:52:9-54:50
62            android:name="de.tum.in.l4k.binnenvokalapp.PlaySSActivity"
62-->src\main\AndroidManifest.xml:53:13-43
63            android:theme="@style/NoActionBar" />
63-->src\main\AndroidManifest.xml:54:13-47
64
65        <meta-data
65-->src\main\AndroidManifest.xml:56:9-58:57
66            android:name="preloaded_fonts"
66-->src\main\AndroidManifest.xml:57:13-43
67            android:resource="@array/preloaded_fonts" />
67-->src\main\AndroidManifest.xml:58:13-54
68    </application>
69
70</manifest>